18:16:16 **** Build of configuration Debug for project mail_server ****
make all 
Building file: ../Mail_server.cpp
Invoking: Cross G++ Compiler
g++ -O0 -g3 -Wall -c -fmessage-length=0 -MMD -MP -MF"Mail_server.d" -MT"Mail_server.d" -o "Mail_server.o" "../Mail_server.cpp"
Finished building: ../Mail_server.cpp
 
Building file: ../Server.cpp
Invoking: Cross G++ Compiler
g++ -O0 -g3 -Wall -c -fmessage-length=0 -MMD -MP -MF"Server.d" -MT"Server.d" -o "Server.o" "../Server.cpp"
Finished building: ../Server.cpp
 
Building file: ../Server_General.cpp
Invoking: Cross G++ Compiler
g++ -O0 -g3 -Wall -c -fmessage-length=0 -MMD -MP -MF"Server_General.d" -MT"Server_General.d" -o "Server_General.o" "../Server_General.cpp"
Finished building: ../Server_General.cpp
 
Building file: ../Server_MSG_Compose.cpp
Invoking: Cross G++ Compiler
g++ -O0 -g3 -Wall -c -fmessage-length=0 -MMD -MP -MF"Server_MSG_Compose.d" -MT"Server_MSG_Compose.d" -o "Server_MSG_Compose.o" "../Server_MSG_Compose.cpp"
Finished building: ../Server_MSG_Compose.cpp
 
Building file: ../Server_MSG_Delete_Mail.cpp
Invoking: Cross G++ Compiler
g++ -O0 -g3 -Wall -c -fmessage-length=0 -MMD -MP -MF"Server_MSG_Delete_Mail.d" -MT"Server_MSG_Delete_Mail.d" -o "Server_MSG_Delete_Mail.o" "../Server_MSG_Delete_Mail.cpp"
Finished building: ../Server_MSG_Delete_Mail.cpp
 
Building file: ../Server_MSG_Get_Mail.cpp
Invoking: Cross G++ Compiler
g++ -O0 -g3 -Wall -c -fmessage-length=0 -MMD -MP -MF"Server_MSG_Get_Mail.d" -MT"Server_MSG_Get_Mail.d" -o "Server_MSG_Get_Mail.o" "../Server_MSG_Get_Mail.cpp"
Finished building: ../Server_MSG_Get_Mail.cpp
 
Building file: ../Server_MSG_Login.cpp
Invoking: Cross G++ Compiler
g++ -O0 -g3 -Wall -c -fmessage-length=0 -MMD -MP -MF"Server_MSG_Login.d" -MT"Server_MSG_Login.d" -o "Server_MSG_Login.o" "../Server_MSG_Login.cpp"
Finished building: ../Server_MSG_Login.cpp
 
Building file: ../Server_MSG_Online_Users.cpp
Invoking: Cross G++ Compiler
g++ -O0 -g3 -Wall -c -fmessage-length=0 -MMD -MP -MF"Server_MSG_Online_Users.d" -MT"Server_MSG_Online_Users.d" -o "Server_MSG_Online_Users.o" "../Server_MSG_Online_Users.cpp"
Finished building: ../Server_MSG_Online_Users.cpp
 
Building file: ../Server_MSG_Quit.cpp
Invoking: Cross G++ Compiler
g++ -O0 -g3 -Wall -c -fmessage-length=0 -MMD -MP -MF"Server_MSG_Quit.d" -MT"Server_MSG_Quit.d" -o "Server_MSG_Quit.o" "../Server_MSG_Quit.cpp"
Finished building: ../Server_MSG_Quit.cpp
 
Building file: ../Server_MSG_Show_Inbox.cpp
Invoking: Cross G++ Compiler
g++ -O0 -g3 -Wall -c -fmessage-length=0 -MMD -MP -MF"Server_MSG_Show_Inbox.d" -MT"Server_MSG_Show_Inbox.d" -o "Server_MSG_Show_Inbox.o" "../Server_MSG_Show_Inbox.cpp"
Finished building: ../Server_MSG_Show_Inbox.cpp
 
Building file: ../Server_Message.cpp
Invoking: Cross G++ Compiler
g++ -O0 -g3 -Wall -c -fmessage-length=0 -MMD -MP -MF"Server_Message.d" -MT"Server_Message.d" -o "Server_Message.o" "../Server_Message.cpp"
Finished building: ../Server_Message.cpp
 
Building target: mail_server
Invoking: Cross G++ Linker
g++  -o "mail_server"  ./Mail_server.o ./Server.o ./Server_General.o ./Server_MSG_Compose.o ./Server_MSG_Delete_Mail.o ./Server_MSG_Get_Mail.o ./Server_MSG_Login.o ./Server_MSG_Online_Users.o ./Server_MSG_Quit.o ./Server_MSG_Show_Inbox.o ./Server_Message.o   -lpthread
Finished building target: mail_server
 
18:16:38 **** Incremental Build of configuration Debug for project mail_server ****
make all 
make: Nothing to be done for `all'.
18:17:00 **** Incremental Build of configuration Debug for project mail_server ****
make all 
make: Nothing to be done for `all'.
18:19:32 **** Incremental Build of configuration Debug for project mail_client ****
make all 
Building file: ../General.cpp
Invoking: Cross G++ Compiler
g++ -O0 -g3 -Wall -c -fmessage-length=0 -MMD -MP -MF"General.d" -MT"General.d" -o "General.o" "../General.cpp"
Finished building: ../General.cpp
 
Building target: mail_client
Invoking: Cross G++ Linker
g++  -o "mail_client"  ./Client.o ./General.o ./MSG_Compose.o ./MSG_Delete_Mail.o ./MSG_Get_Mail.o ./MSG_Login.o ./MSG_Quit.o ./MSG_Show_Inbox.o ./MSG_Show_Online_Users.o ./Message.o ./Reply.o ./main.o   
Finished building target: mail_client
 
18:19:38 **** Incremental Build of configuration Debug for project mail_server ****
make all 
make: Nothing to be done for `all'.
18:36:17 **** Incremental Build of configuration Debug for project mail_client ****
make all 
make: Nothing to be done for `all'.
18:36:20 **** Incremental Build of configuration Debug for project mail_server ****
make all 
Building file: ../Server.cpp
Invoking: Cross G++ Compiler
g++ -O0 -g3 -Wall -c -fmessage-length=0 -MMD -MP -MF"Server.d" -MT"Server.d" -o "Server.o" "../Server.cpp"
Finished building: ../Server.cpp
 
Building target: mail_server
Invoking: Cross G++ Linker
g++  -o "mail_server"  ./Mail_server.o ./Server.o ./Server_General.o ./Server_MSG_Compose.o ./Server_MSG_Delete_Mail.o ./Server_MSG_Get_Mail.o ./Server_MSG_Login.o ./Server_MSG_Online_Users.o ./Server_MSG_Quit.o ./Server_MSG_Show_Inbox.o ./Server_Message.o   -lpthread
Finished building target: mail_server
 
18:36:38 **** Incremental Build of configuration Debug for project mail_server ****
make all 
make: Nothing to be done for `all'.
18:40:55 **** Incremental Build of configuration Debug for project mail_client ****
make all 
Building file: ../MSG_Show_Online_Users.cpp
Invoking: Cross G++ Compiler
g++ -O0 -g3 -Wall -c -fmessage-length=0 -MMD -MP -MF"MSG_Show_Online_Users.d" -MT"MSG_Show_Online_Users.d" -o "MSG_Show_Online_Users.o" "../MSG_Show_Online_Users.cpp"
Finished building: ../MSG_Show_Online_Users.cpp
 
Building target: mail_client
Invoking: Cross G++ Linker
g++  -o "mail_client"  ./Client.o ./General.o ./MSG_Compose.o ./MSG_Delete_Mail.o ./MSG_Get_Mail.o ./MSG_Login.o ./MSG_Quit.o ./MSG_Show_Inbox.o ./MSG_Show_Online_Users.o ./Message.o ./Reply.o ./main.o   
Finished building target: mail_client
 
18:41:00 **** Incremental Build of configuration Debug for project mail_server ****
make all 
make: Nothing to be done for `all'.
20:14:16 **** Incremental Build of configuration Debug for project mail_client ****
make all 
Building file: ../main.cpp
Invoking: Cross G++ Compiler
g++ -O0 -g3 -Wall -c -fmessage-length=0 -MMD -MP -MF"main.d" -MT"main.d" -o "main.o" "../main.cpp"
../main.cpp: In function ‘void handleRecMsg(CClient*)’:
../main.cpp:186:10: error: ‘type’ was not declared in this scope
  switch (type) {
          ^
../main.cpp:239:33: error: ‘input’ was not declared in this scope
   int mail_id = extract_Mail_id(input);
                                 ^
../main.cpp:254:33: error: ‘input’ was not declared in this scope
   int mail_id = extract_Mail_id(input);
                                 ^
../main.cpp:184:10: warning: unused variable ‘tmpReply’ [-Wunused-variable]
  CReply *tmpReply = client->ReceiveMsg();
          ^
../main.cpp: In function ‘int main(int, char**)’:
../main.cpp:377:17: error: ‘readfds’ was not declared in this scope
   refresh_sets(&readfds, &errorfds, isLoggedIn, &maxFd, chatSocket);
                 ^
../main.cpp:377:27: error: ‘errorfds’ was not declared in this scope
   refresh_sets(&readfds, &errorfds, isLoggedIn, &maxFd, chatSocket);
                           ^
../main.cpp:377:37: error: ‘isLoggedIn’ was not declared in this scope
   refresh_sets(&readfds, &errorfds, isLoggedIn, &maxFd, chatSocket);
                                     ^
../main.cpp:377:50: error: ‘maxFd’ was not declared in this scope
   refresh_sets(&readfds, &errorfds, isLoggedIn, &maxFd, chatSocket);
                                                  ^
../main.cpp:377:57: error: ‘chatSocket’ was not declared in this scope
   refresh_sets(&readfds, &errorfds, isLoggedIn, &maxFd, chatSocket);
                                                         ^
../main.cpp:377:67: error: ‘refresh_sets’ was not declared in this scope
   refresh_sets(&readfds, &errorfds, isLoggedIn, &maxFd, chatSocket);
                                                                   ^
../main.cpp:380:32: error: ‘handle_return_value’ was not declared in this scope
   res = handle_return_value(res);
                                ^
../main.cpp:382:14: error: ‘ERROR’ was not declared in this scope
   if (res == ERROR)
              ^
make: *** [main.o] Error 1
20:14:20 **** Incremental Build of configuration Debug for project mail_server ****
make all 
make: Nothing to be done for `all'.
20:15:01 **** Incremental Build of configuration Debug for project mail_client ****
make all 
Building file: ../main.cpp
Invoking: Cross G++ Compiler
g++ -O0 -g3 -Wall -c -fmessage-length=0 -MMD -MP -MF"main.d" -MT"main.d" -o "main.o" "../main.cpp"
../main.cpp: In function ‘int main(int, char**)’:
../main.cpp:257:17: error: ‘readfds’ was not declared in this scope
   refresh_sets(&readfds, &errorfds, isLoggedIn, &maxFd, chatSocket);
                 ^
../main.cpp:257:27: error: ‘errorfds’ was not declared in this scope
   refresh_sets(&readfds, &errorfds, isLoggedIn, &maxFd, chatSocket);
                           ^
../main.cpp:257:37: error: ‘isLoggedIn’ was not declared in this scope
   refresh_sets(&readfds, &errorfds, isLoggedIn, &maxFd, chatSocket);
                                     ^
../main.cpp:257:50: error: ‘maxFd’ was not declared in this scope
   refresh_sets(&readfds, &errorfds, isLoggedIn, &maxFd, chatSocket);
                                                  ^
../main.cpp:257:57: error: ‘chatSocket’ was not declared in this scope
   refresh_sets(&readfds, &errorfds, isLoggedIn, &maxFd, chatSocket);
                                                         ^
../main.cpp:257:67: error: ‘refresh_sets’ was not declared in this scope
   refresh_sets(&readfds, &errorfds, isLoggedIn, &maxFd, chatSocket);
                                                                   ^
../main.cpp:260:32: error: ‘handle_return_value’ was not declared in this scope
   res = handle_return_value(res);
                                ^
../main.cpp:262:14: error: ‘ERROR’ was not declared in this scope
   if (res == ERROR)
              ^
make: *** [main.o] Error 1
20:15:06 **** Incremental Build of configuration Debug for project mail_server ****
make all 
make: Nothing to be done for `all'.
20:16:45 **** Incremental Build of configuration Debug for project mail_client ****
make all 
Building file: ../main.cpp
Invoking: Cross G++ Compiler
g++ -O0 -g3 -Wall -c -fmessage-length=0 -MMD -MP -MF"main.d" -MT"main.d" -o "main.o" "../main.cpp"
../main.cpp: In function ‘int main(int, char**)’:
../main.cpp:271:17: error: ‘readfds’ was not declared in this scope
   refresh_sets(&readfds, &errorfds, isLoggedIn, &maxFd, chatSocket);
                 ^
../main.cpp:271:27: error: ‘errorfds’ was not declared in this scope
   refresh_sets(&readfds, &errorfds, isLoggedIn, &maxFd, chatSocket);
                           ^
../main.cpp:271:37: error: ‘isLoggedIn’ was not declared in this scope
   refresh_sets(&readfds, &errorfds, isLoggedIn, &maxFd, chatSocket);
                                     ^
../main.cpp:271:50: error: ‘maxFd’ was not declared in this scope
   refresh_sets(&readfds, &errorfds, isLoggedIn, &maxFd, chatSocket);
                                                  ^
../main.cpp:271:57: error: ‘chatSocket’ was not declared in this scope
   refresh_sets(&readfds, &errorfds, isLoggedIn, &maxFd, chatSocket);
                                                         ^
../main.cpp:274:32: error: ‘handle_return_value’ was not declared in this scope
   res = handle_return_value(res);
                                ^
../main.cpp:276:14: error: ‘ERROR’ was not declared in this scope
   if (res == ERROR)
              ^
make: *** [main.o] Error 1
20:16:50 **** Incremental Build of configuration Debug for project mail_server ****
make all 
make: Nothing to be done for `all'.
